This is pdfTeX, Version 3.141592653-2.6-1.40.22 (MiKTeX 21.6) (preloaded format=pdflatex 2021.9.14)  26 DEC 2021 19:04
entering extended mode
**./theory.tex
(theory.tex
LaTeX2e <2021-06-01>
L3 programming layer <2021-06-01>
! Undefined control sequence.
l.1 \chapter
            *{–û—Å–Ω–æ–≤–Ω—ã–µ —Ç–µ–æ—Ä–µ—Ç–∏—á–µ—Å–∫–∏–µ —Å–≤–µ–¥–µ–Ω–∏—è}
The control sequence at the end of the top line
of your error message was never \def'ed. If you have
misspelled it (e.g., `\hobx'), type `I' and the correct
spelling (e.g., `I\hbox'). Otherwise just continue,
and I'll forget about whatever was undefined.


! LaTeX Error: Missing \begin{document}.

See the LaTeX manual or LaTeX Companion for explanation.
Type  H <return>  for immediate help.
 ...                                              
                                                  
l.1 \chapter*
             {–û—Å–Ω–æ–≤–Ω—ã–µ —Ç–µ–æ—Ä–µ—Ç–∏—á–µ—Å–∫–∏–µ —Å–≤–µ–¥–µ–Ω–∏—è}
You're in trouble here.  Try typing  <return>  to proceed.
If that doesn't work, type  X <return>  to quit.

Missing character: There is no * in font nullfont!

! Package inputenc Error: Unicode character –û (U+041E)
(inputenc)                not set up for use with LaTeX.

See the inputenc package documentation for explanation.
Type  H <return>  for immediate help.
 ...                                              
                                                  
l.1 \chapter*{–û
                —Å–Ω–æ–≤–Ω—ã–µ —Ç–µ–æ—Ä–µ—Ç–∏—á–µ—Å–∫–∏–µ —Å–≤–µ–¥–µ–Ω–∏—è}
You may provide a definition with
\DeclareUnicodeCharacter 


! Package inputenc Error: Unicode character —Å (U+0441)
(inputenc)                not set up for use with LaTeX.

See the inputenc package documentation for explanation.
Type  H <return>  for immediate help.
 ...                                              
                                                  
l.1 \chapter*{–û—Å
                  –Ω–æ–≤–Ω—ã–µ —Ç–µ–æ—Ä–µ—Ç–∏—á–µ—Å–∫–∏–µ —Å–≤–µ–¥–µ–Ω–∏—è}
You may provide a definition with
\DeclareUnicodeCharacter 


! Package inputenc Error: Unicode character –Ω (U+043D)
(inputenc)                not set up for use with LaTeX.

See the inputenc package documentation for explanation.
Type  H <return>  for immediate help.
 ...                                              
                                                  
l.1 \chapter*{–û—Å–Ω
                    –æ–≤–Ω—ã–µ —Ç–µ–æ—Ä–µ—Ç–∏—á–µ—Å–∫–∏–µ —Å–≤–µ–¥–µ–Ω–∏—è}
You may provide a definition with
\DeclareUnicodeCharacter 


! Package inputenc Error: Unicode character –æ (U+043E)
(inputenc)                not set up for use with LaTeX.

See the inputenc package documentation for explanation.
Type  H <return>  for immediate help.
 ...                                              
                                                  
l.1 \chapter*{–û—Å–Ω–æ
                      –≤–Ω—ã–µ —Ç–µ–æ—Ä–µ—Ç–∏—á–µ—Å–∫–∏–µ —Å–≤–µ–¥–µ–Ω–∏—è}
You may provide a definition with
\DeclareUnicodeCharacter 


! Package inputenc Error: Unicode character –≤ (U+0432)
(inputenc)                not set up for use with LaTeX.

See the inputenc package documentation for explanation.
Type  H <return>  for immediate help.
 ...                                              
                                                  
l.1 \chapter*{–û—Å–Ω–æ–≤
                        –Ω—ã–µ —Ç–µ–æ—Ä–µ—Ç–∏—á–µ—Å–∫–∏–µ —Å–≤–µ–¥–µ–Ω–∏—è}
You may provide a definition with
\DeclareUnicodeCharacter 


! Package inputenc Error: Unicode character –Ω (U+043D)
(inputenc)                not set up for use with LaTeX.

See the inputenc package documentation for explanation.
Type  H <return>  for immediate help.
 ...                                              
                                                  
l.1 \chapter*{–û—Å–Ω–æ–≤–Ω
                          —ã–µ —Ç–µ–æ—Ä–µ—Ç–∏—á–µ—Å–∫–∏–µ —Å–≤–µ–¥–µ–Ω–∏—è}
You may provide a definition with
\DeclareUnicodeCharacter 


! Package inputenc Error: Unicode character —ã (U+044B)
(inputenc)                not set up for use with LaTeX.

See the inputenc package documentation for explanation.
Type  H <return>  for immediate help.
 ...                                              
                                                  
l.1 \chapter*{–û—Å–Ω–æ–≤–Ω—ã
                            –µ —Ç–µ–æ—Ä–µ—Ç–∏—á–µ—Å–∫–∏–µ —Å–≤–µ–¥–µ–Ω–∏—è}
You may provide a definition with
\DeclareUnicodeCharacter 


! Package inputenc Error: Unicode character –µ (U+0435)
(inputenc)                not set up for use with LaTeX.

See the inputenc package documentation for explanation.
Type  H <return>  for immediate help.
 ...                                              
                                                  
l.1 \chapter*{–û—Å–Ω–æ–≤–Ω—ã–µ
                               —Ç–µ–æ—Ä–µ—Ç–∏—á–µ—Å–∫–∏–µ —Å–≤–µ–¥–µ–Ω–∏—è}
You may provide a definition with
\DeclareUnicodeCharacter 


! Package inputenc Error: Unicode character —Ç (U+0442)
(inputenc)                not set up for use with LaTeX.

See the inputenc package documentation for explanation.
Type  H <return>  for immediate help.
 ...                                              
                                                  
l.1 \chapter*{–û—Å–Ω–æ–≤–Ω—ã–µ —Ç
                                 –µ–æ—Ä–µ—Ç–∏—á–µ—Å–∫–∏–µ —Å–≤–µ–¥–µ–Ω–∏—è}
You may provide a definition with
\DeclareUnicodeCharacter 


! Package inputenc Error: Unicode character –µ (U+0435)
(inputenc)                not set up for use with LaTeX.

See the inputenc package documentation for explanation.
Type  H <return>  for immediate help.
 ...                                              
                                                  
l.1 \chapter*{–û—Å–Ω–æ–≤–Ω—ã–µ —Ç–µ
                                   –æ—Ä–µ—Ç–∏—á–µ—Å–∫–∏–µ —Å–≤–µ–¥–µ–Ω–∏—è}
You may provide a definition with
\DeclareUnicodeCharacter 


! Package inputenc Error: Unicode character –æ (U+043E)
(inputenc)                not set up for use with LaTeX.

See the inputenc package documentation for explanation.
Type  H <return>  for immediate help.
 ...                                              
                                                  
l.1 \chapter*{–û—Å–Ω–æ–≤–Ω—ã–µ —Ç–µ–æ
                                     —Ä–µ—Ç–∏—á–µ—Å–∫–∏–µ —Å–≤–µ–¥–µ–Ω–∏—è}
You may provide a definition with
\DeclareUnicodeCharacter 


! Package inputenc Error: Unicode character —Ä (U+0440)
(inputenc)                not set up for use with LaTeX.

See the inputenc package documentation for explanation.
Type  H <return>  for immediate help.
 ...                                              
                                                  
l.1 \chapter*{–û—Å–Ω–æ–≤–Ω—ã–µ —Ç–µ–æ—Ä
                                       –µ—Ç–∏—á–µ—Å–∫–∏–µ —Å–≤–µ–¥–µ–Ω–∏—è}
You may provide a definition with
\DeclareUnicodeCharacter 


! Package inputenc Error: Unicode character –µ (U+0435)
(inputenc)                not set up for use with LaTeX.

See the inputenc package documentation for explanation.
Type  H <return>  for immediate help.
 ...                                              
                                                  
l.1 \chapter*{–û—Å–Ω–æ–≤–Ω—ã–µ —Ç–µ–æ—Ä–µ
                                         —Ç–∏—á–µ—Å–∫–∏–µ —Å–≤–µ–¥–µ–Ω–∏—è}
You may provide a definition with
\DeclareUnicodeCharacter 


! Package inputenc Error: Unicode character —Ç (U+0442)
(inputenc)                not set up for use with LaTeX.

See the inputenc package documentation for explanation.
Type  H <return>  for immediate help.
 ...                                              
                                                  
l.1 \chapter*{–û—Å–Ω–æ–≤–Ω—ã–µ —Ç–µ–æ—Ä–µ—Ç
                                           –∏—á–µ—Å–∫–∏–µ —Å–≤–µ–¥–µ–Ω–∏—è}
You may provide a definition with
\DeclareUnicodeCharacter 


! Package inputenc Error: Unicode character –∏ (U+0438)
(inputenc)                not set up for use with LaTeX.

See the inputenc package documentation for explanation.
Type  H <return>  for immediate help.
 ...                                              
                                                  
l.1 \chapter*{–û—Å–Ω–æ–≤–Ω—ã–µ —Ç–µ–æ—Ä–µ—Ç–∏
                                             —á–µ—Å–∫–∏–µ —Å–≤–µ–¥–µ–Ω–∏—è}
You may provide a definition with
\DeclareUnicodeCharacter 


! Package inputenc Error: Unicode character —á (U+0447)
(inputenc)                not set up for use with LaTeX.

See the inputenc package documentation for explanation.
Type  H <return>  for immediate help.
 ...                                              
                                                  
l.1 \chapter*{–û—Å–Ω–æ–≤–Ω—ã–µ —Ç–µ–æ—Ä–µ—Ç–∏—á
                                               –µ—Å–∫–∏–µ —Å–≤–µ–¥–µ–Ω–∏—è}
You may provide a definition with
\DeclareUnicodeCharacter 


! Package inputenc Error: Unicode character –µ (U+0435)
(inputenc)                not set up for use with LaTeX.

See the inputenc package documentation for explanation.
Type  H <return>  for immediate help.
 ...                                              
                                                  
l.1 \chapter*{–û—Å–Ω–æ–≤–Ω—ã–µ —Ç–µ–æ—Ä–µ—Ç–∏—á–µ
                                                 —Å–∫–∏–µ —Å–≤–µ–¥–µ–Ω–∏—è}
You may provide a definition with
\DeclareUnicodeCharacter 


! Package inputenc Error: Unicode character —Å (U+0441)
(inputenc)                not set up for use with LaTeX.

See the inputenc package documentation for explanation.
Type  H <return>  for immediate help.
 ...                                              
                                                  
l.1 ...pter*{–û—Å–Ω–æ–≤–Ω—ã–µ —Ç–µ–æ—Ä–µ—Ç–∏—á–µ—Å
                                                  –∫–∏–µ —Å–≤–µ–¥–µ–Ω–∏—è}
You may provide a definition with
\DeclareUnicodeCharacter 


! Package inputenc Error: Unicode character –∫ (U+043A)
(inputenc)                not set up for use with LaTeX.

See the inputenc package documentation for explanation.
Type  H <return>  for immediate help.
 ...                                              
                                                  
l.1 ...er*{–û—Å–Ω–æ–≤–Ω—ã–µ —Ç–µ–æ—Ä–µ—Ç–∏—á–µ—Å–∫
                                                  –∏–µ —Å–≤–µ–¥–µ–Ω–∏—è}
You may provide a definition with
\DeclareUnicodeCharacter 


! Package inputenc Error: Unicode character –∏ (U+0438)
(inputenc)                not set up for use with LaTeX.

See the inputenc package documentation for explanation.
Type  H <return>  for immediate help.
 ...                                              
                                                  
l.1 ...*{–û—Å–Ω–æ–≤–Ω—ã–µ —Ç–µ–æ—Ä–µ—Ç–∏—á–µ—Å–∫–∏
                                                  –µ —Å–≤–µ–¥–µ–Ω–∏—è}
You may provide a definition with
\DeclareUnicodeCharacter 


! Package inputenc Error: Unicode character –µ (U+0435)
(inputenc)                not set up for use with LaTeX.

See the inputenc package documentation for explanation.
Type  H <return>  for immediate help.
 ...                                              
                                                  
l.1 ...–û—Å–Ω–æ–≤–Ω—ã–µ —Ç–µ–æ—Ä–µ—Ç–∏—á–µ—Å–∫–∏–µ
                                                   —Å–≤–µ–¥–µ–Ω–∏—è}
You may provide a definition with
\DeclareUnicodeCharacter 


! Package inputenc Error: Unicode character —Å (U+0441)
(inputenc)                not set up for use with LaTeX.

See the inputenc package documentation for explanation.
Type  H <return>  for immediate help.
 ...                                              
                                                  
l.1 ...Å–Ω–æ–≤–Ω—ã–µ —Ç–µ–æ—Ä–µ—Ç–∏—á–µ—Å–∫–∏–µ —Å
                                                  –≤–µ–¥–µ–Ω–∏—è}
You may provide a definition with
\DeclareUnicodeCharacter 


! Package inputenc Error: Unicode character –≤ (U+0432)
(inputenc)                not set up for use with LaTeX.

See the inputenc package documentation for explanation.
Type  H <return>  for immediate help.
 ...                                              
                                                  
l.1 ...Ω–æ–≤–Ω—ã–µ —Ç–µ–æ—Ä–µ—Ç–∏—á–µ—Å–∫–∏–µ —Å–≤
                                                  –µ–¥–µ–Ω–∏—è}
You may provide a definition with
\DeclareUnicodeCharacter 


! Package inputenc Error: Unicode character –µ (U+0435)
(inputenc)                not set up for use with LaTeX.

See the inputenc package documentation for explanation.
Type  H <return>  for immediate help.
 ...                                              
                                                  
l.1 ...æ–≤–Ω—ã–µ —Ç–µ–æ—Ä–µ—Ç–∏—á–µ—Å–∫–∏–µ —Å–≤–µ
                                                  –¥–µ–Ω–∏—è}
You may provide a definition with
\DeclareUnicodeCharacter 


! Package inputenc Error: Unicode character –¥ (U+0434)
(inputenc)                not set up for use with LaTeX.

See the inputenc package documentation for explanation.
Type  H <return>  for immediate help.
 ...                                              
                                                  
l.1 ...≤–Ω—ã–µ —Ç–µ–æ—Ä–µ—Ç–∏—á–µ—Å–∫–∏–µ —Å–≤–µ–¥
                                                  –µ–Ω–∏—è}
You may provide a definition with
\DeclareUnicodeCharacter 


! Package inputenc Error: Unicode character –µ (U+0435)
(inputenc)                not set up for use with LaTeX.

See the inputenc package documentation for explanation.
Type  H <return>  for immediate help.
 ...                                              
                                                  
l.1 ...Ω—ã–µ —Ç–µ–æ—Ä–µ—Ç–∏—á–µ—Å–∫–∏–µ —Å–≤–µ–¥–µ
                                                  –Ω–∏—è}
You may provide a definition with
\DeclareUnicodeCharacter 


! Package inputenc Error: Unicode character –Ω (U+043D)
(inputenc)                not set up for use with LaTeX.

See the inputenc package documentation for explanation.
Type  H <return>  for immediate help.
 ...                                              
                                                  
l.1 ...ã–µ —Ç–µ–æ—Ä–µ—Ç–∏—á–µ—Å–∫–∏–µ —Å–≤–µ–¥–µ–Ω
                                                  –∏—è}
You may provide a definition with
\DeclareUnicodeCharacter 


! Package inputenc Error: Unicode character –∏ (U+0438)
(inputenc)                not set up for use with LaTeX.

See the inputenc package documentation for explanation.
Type  H <return>  for immediate help.
 ...                                              
                                                  
l.1 ...µ —Ç–µ–æ—Ä–µ—Ç–∏—á–µ—Å–∫–∏–µ —Å–≤–µ–¥–µ–Ω–∏
                                                  —è}
You may provide a definition with
\DeclareUnicodeCharacter 


! Package inputenc Error: Unicode character —è (U+044F)
(inputenc)                not set up for use with LaTeX.

See the inputenc package documentation for explanation.
Type  H <return>  for immediate help.
 ...                                              
                                                  
l.1 ...—Ç–µ–æ—Ä–µ—Ç–∏—á–µ—Å–∫–∏–µ —Å–≤–µ–¥–µ–Ω–∏—è
                                                  }
You may provide a definition with
\DeclareUnicodeCharacter 


! Package inputenc Error: Unicode character –í (U+0412)
(inputenc)                not set up for use with LaTeX.

See the inputenc package documentation for explanation.
Type  H <return>  for immediate help.
 ...                                              
                                                  
l.3 –í
       —Ö–æ–¥–µ –ª–∞–±–æ—Ä–∞—Ç–æ—Ä–Ω–æ–π —Ä–∞–±–æ—Ç—ã –±—É–¥–µ—Ç –∏—Å–ø–æ–ª—...

You may provide a definition with
\DeclareUnicodeCharacter 


! Package inputenc Error: Unicode character —Ö (U+0445)
(inputenc)                not set up for use with LaTeX.

See the inputenc package documentation for explanation.
Type  H <return>  for immediate help.
 ...                                              
                                                  
l.3 –í —Ö
         –æ–¥–µ –ª–∞–±–æ—Ä–∞—Ç–æ—Ä–Ω–æ–π —Ä–∞–±–æ—Ç—ã –±—É–¥–µ—Ç –∏—Å–ø–æ–ª—...

You may provide a definition with
\DeclareUnicodeCharacter 


! Package inputenc Error: Unicode character –æ (U+043E)
(inputenc)                not set up for use with LaTeX.

See the inputenc package documentation for explanation.
Type  H <return>  for immediate help.
 ...                                              
                                                  
l.3 –í —Ö–æ
           –¥–µ –ª–∞–±–æ—Ä–∞—Ç–æ—Ä–Ω–æ–π —Ä–∞–±–æ—Ç—ã –±—É–¥–µ—Ç –∏—Å–ø–æ–ª—...

You may provide a definition with
\DeclareUnicodeCharacter 


! Package inputenc Error: Unicode character –¥ (U+0434)
(inputenc)                not set up for use with LaTeX.

See the inputenc package documentation for explanation.
Type  H <return>  for immediate help.
 ...                                              
                                                  
l.3 –í —Ö–æ–¥
             –µ –ª–∞–±–æ—Ä–∞—Ç–æ—Ä–Ω–æ–π —Ä–∞–±–æ—Ç—ã –±—É–¥–µ—Ç –∏—Å–ø–æ–ª—...

You may provide a definition with
\DeclareUnicodeCharacter 


! Package inputenc Error: Unicode character –µ (U+0435)
(inputenc)                not set up for use with LaTeX.

See the inputenc package documentation for explanation.
Type  H <return>  for immediate help.
 ...                                              
                                                  
l.3 –í —Ö–æ–¥–µ
                –ª–∞–±–æ—Ä–∞—Ç–æ—Ä–Ω–æ–π —Ä–∞–±–æ—Ç—ã –±—É–¥–µ—Ç –∏—Å–ø–æ–ª—...

You may provide a definition with
\DeclareUnicodeCharacter 


! Package inputenc Error: Unicode character –ª (U+043B)
(inputenc)                not set up for use with LaTeX.

See the inputenc package documentation for explanation.
Type  H <return>  for immediate help.
 ...                                              
                                                  
l.3 –í —Ö–æ–¥–µ –ª
                  –∞–±–æ—Ä–∞—Ç–æ—Ä–Ω–æ–π —Ä–∞–±–æ—Ç—ã –±—É–¥–µ—Ç –∏—Å–ø–æ–ª—...

You may provide a definition with
\DeclareUnicodeCharacter 


! Package inputenc Error: Unicode character –∞ (U+0430)
(inputenc)                not set up for use with LaTeX.

See the inputenc package documentation for explanation.
Type  H <return>  for immediate help.
 ...                                              
                                                  
l.3 –í —Ö–æ–¥–µ –ª–∞
                    –±–æ—Ä–∞—Ç–æ—Ä–Ω–æ–π —Ä–∞–±–æ—Ç—ã –±—É–¥–µ—Ç –∏—Å–ø–æ–ª—...

You may provide a definition with
\DeclareUnicodeCharacter 


! Package inputenc Error: Unicode character –± (U+0431)
(inputenc)                not set up for use with LaTeX.

See the inputenc package documentation for explanation.
Type  H <return>  for immediate help.
 ...                                              
                                                  
l.3 –í —Ö–æ–¥–µ –ª–∞–±
                      –æ—Ä–∞—Ç–æ—Ä–Ω–æ–π —Ä–∞–±–æ—Ç—ã –±—É–¥–µ—Ç –∏—Å–ø–æ–ª—...

You may provide a definition with
\DeclareUnicodeCharacter 


! Package inputenc Error: Unicode character –æ (U+043E)
(inputenc)                not set up for use with LaTeX.

See the inputenc package documentation for explanation.
Type  H <return>  for immediate help.
 ...                                              
                                                  
l.3 –í —Ö–æ–¥–µ –ª–∞–±–æ
                        —Ä–∞—Ç–æ—Ä–Ω–æ–π —Ä–∞–±–æ—Ç—ã –±—É–¥–µ—Ç –∏—Å–ø–æ–ª—...

You may provide a definition with
\DeclareUnicodeCharacter 


! Package inputenc Error: Unicode character —Ä (U+0440)
(inputenc)                not set up for use with LaTeX.

See the inputenc package documentation for explanation.
Type  H <return>  for immediate help.
 ...                                              
                                                  
l.3 –í —Ö–æ–¥–µ –ª–∞–±–æ—Ä
                          –∞—Ç–æ—Ä–Ω–æ–π —Ä–∞–±–æ—Ç—ã –±—É–¥–µ—Ç –∏—Å–ø–æ–ª—...

You may provide a definition with
\DeclareUnicodeCharacter 


! Package inputenc Error: Unicode character –∞ (U+0430)
(inputenc)                not set up for use with LaTeX.

See the inputenc package documentation for explanation.
Type  H <return>  for immediate help.
 ...                                              
                                                  
l.3 –í —Ö–æ–¥–µ –ª–∞–±–æ—Ä–∞
                            —Ç–æ—Ä–Ω–æ–π —Ä–∞–±–æ—Ç—ã –±—É–¥–µ—Ç –∏—Å–ø–æ–ª—...

You may provide a definition with
\DeclareUnicodeCharacter 


! Package inputenc Error: Unicode character —Ç (U+0442)
(inputenc)                not set up for use with LaTeX.

See the inputenc package documentation for explanation.
Type  H <return>  for immediate help.
 ...                                              
                                                  
l.3 –í —Ö–æ–¥–µ –ª–∞–±–æ—Ä–∞—Ç
                              –æ—Ä–Ω–æ–π —Ä–∞–±–æ—Ç—ã –±—É–¥–µ—Ç –∏—Å–ø–æ–ª—...

You may provide a definition with
\DeclareUnicodeCharacter 


! Package inputenc Error: Unicode character –æ (U+043E)
(inputenc)                not set up for use with LaTeX.

See the inputenc package documentation for explanation.
Type  H <return>  for immediate help.
 ...                                              
                                                  
l.3 –í —Ö–æ–¥–µ –ª–∞–±–æ—Ä–∞—Ç–æ
                                —Ä–Ω–æ–π —Ä–∞–±–æ—Ç—ã –±—É–¥–µ—Ç –∏—Å–ø–æ–ª—...

You may provide a definition with
\DeclareUnicodeCharacter 


! Package inputenc Error: Unicode character —Ä (U+0440)
(inputenc)                not set up for use with LaTeX.

See the inputenc package documentation for explanation.
Type  H <return>  for immediate help.
 ...                                              
                                                  
l.3 –í —Ö–æ–¥–µ –ª–∞–±–æ—Ä–∞—Ç–æ—Ä
                                  –Ω–æ–π —Ä–∞–±–æ—Ç—ã –±—É–¥–µ—Ç –∏—Å–ø–æ–ª—...

You may provide a definition with
\DeclareUnicodeCharacter 


! Package inputenc Error: Unicode character –Ω (U+043D)
(inputenc)                not set up for use with LaTeX.

See the inputenc package documentation for explanation.
Type  H <return>  for immediate help.
 ...                                              
                                                  
l.3 –í —Ö–æ–¥–µ –ª–∞–±–æ—Ä–∞—Ç–æ—Ä–Ω
                                    –æ–π —Ä–∞–±–æ—Ç—ã –±—É–¥–µ—Ç –∏—Å–ø–æ–ª—...

You may provide a definition with
\DeclareUnicodeCharacter 


! Package inputenc Error: Unicode character –æ (U+043E)
(inputenc)                not set up for use with LaTeX.

See the inputenc package documentation for explanation.
Type  H <return>  for immediate help.
 ...                                              
                                                  
l.3 –í —Ö–æ–¥–µ –ª–∞–±–æ—Ä–∞—Ç–æ—Ä–Ω–æ
                                      –π —Ä–∞–±–æ—Ç—ã –±—É–¥–µ—Ç –∏—Å–ø–æ–ª—...

You may provide a definition with
\DeclareUnicodeCharacter 


! Package inputenc Error: Unicode character –π (U+0439)
(inputenc)                not set up for use with LaTeX.

See the inputenc package documentation for explanation.
Type  H <return>  for immediate help.
 ...                                              
                                                  
l.3 –í —Ö–æ–¥–µ –ª–∞–±–æ—Ä–∞—Ç–æ—Ä–Ω–æ–π
                                         —Ä–∞–±–æ—Ç—ã –±—É–¥–µ—Ç –∏—Å–ø–æ–ª—...

You may provide a definition with
\DeclareUnicodeCharacter 


! Package inputenc Error: Unicode character —Ä (U+0440)
(inputenc)                not set up for use with LaTeX.

See the inputenc package documentation for explanation.
Type  H <return>  for immediate help.
 ...                                              
                                                  
l.3 –í —Ö–æ–¥–µ –ª–∞–±–æ—Ä–∞—Ç–æ—Ä–Ω–æ–π —Ä
                                           –∞–±–æ—Ç—ã –±—É–¥–µ—Ç –∏—Å–ø–æ–ª—...

You may provide a definition with
\DeclareUnicodeCharacter 


! Package inputenc Error: Unicode character –∞ (U+0430)
(inputenc)                not set up for use with LaTeX.

See the inputenc package documentation for explanation.
Type  H <return>  for immediate help.
 ...                                              
                                                  
l.3 –í —Ö–æ–¥–µ –ª–∞–±–æ—Ä–∞—Ç–æ—Ä–Ω–æ–π —Ä–∞
                                             –±–æ—Ç—ã –±—É–¥–µ—Ç –∏—Å–ø–æ–ª—...

You may provide a definition with
\DeclareUnicodeCharacter 


! Package inputenc Error: Unicode character –± (U+0431)
(inputenc)                not set up for use with LaTeX.

See the inputenc package documentation for explanation.
Type  H <return>  for immediate help.
 ...                                              
                                                  
l.3 –í —Ö–æ–¥–µ –ª–∞–±–æ—Ä–∞—Ç–æ—Ä–Ω–æ–π —Ä–∞–±
                                               –æ—Ç—ã –±—É–¥–µ—Ç –∏—Å–ø–æ–ª—...

You may provide a definition with
\DeclareUnicodeCharacter 


! Package inputenc Error: Unicode character –æ (U+043E)
(inputenc)                not set up for use with LaTeX.

See the inputenc package documentation for explanation.
Type  H <return>  for immediate help.
 ...                                              
                                                  
l.3 –í —Ö–æ–¥–µ –ª–∞–±–æ—Ä–∞—Ç–æ—Ä–Ω–æ–π —Ä–∞–±–æ
                                                 —Ç—ã –±—É–¥–µ—Ç –∏—Å–ø–æ–ª—...

You may provide a definition with
\DeclareUnicodeCharacter 


! Package inputenc Error: Unicode character —Ç (U+0442)
(inputenc)                not set up for use with LaTeX.

See the inputenc package documentation for explanation.
Type  H <return>  for immediate help.
 ...                                              
                                                  
l.3 ...Ö–æ–¥–µ –ª–∞–±–æ—Ä–∞—Ç–æ—Ä–Ω–æ–π —Ä–∞–±–æ—Ç
                                                  —ã –±—É–¥–µ—Ç –∏—Å–ø–æ–ª—å...

You may provide a definition with
\DeclareUnicodeCharacter 


! Package inputenc Error: Unicode character —ã (U+044B)
(inputenc)                not set up for use with LaTeX.

See the inputenc package documentation for explanation.
Type  H <return>  for immediate help.
 ...                                              
                                                  
l.3 ...æ–¥–µ –ª–∞–±–æ—Ä–∞—Ç–æ—Ä–Ω–æ–π —Ä–∞–±–æ—Ç—ã
                                                   –±—É–¥–µ—Ç –∏—Å–ø–æ–ª—å–∑...

You may provide a definition with
\DeclareUnicodeCharacter 


! Package inputenc Error: Unicode character –± (U+0431)
(inputenc)                not set up for use with LaTeX.

See the inputenc package documentation for explanation.
Type  H <return>  for immediate help.
 ...                                              
                                                  
l.3 ...–µ –ª–∞–±–æ—Ä–∞—Ç–æ—Ä–Ω–æ–π —Ä–∞–±–æ—Ç—ã –±
                                                  —É–¥–µ—Ç –∏—Å–ø–æ–ª—å–∑–æ–...

You may provide a definition with
\DeclareUnicodeCharacter 


! Package inputenc Error: Unicode character —É (U+0443)
(inputenc)                not set up for use with LaTeX.

See the inputenc package documentation for explanation.
Type  H <return>  for immediate help.
 ...                                              
                                                  
l.3 ... –ª–∞–±–æ—Ä–∞—Ç–æ—Ä–Ω–æ–π —Ä–∞–±–æ—Ç—ã –±—É
                                                  –¥–µ—Ç –∏—Å–ø–æ–ª—å–∑–æ–≤–...

You may provide a definition with
\DeclareUnicodeCharacter 


! Package inputenc Error: Unicode character –¥ (U+0434)
(inputenc)                not set up for use with LaTeX.

See the inputenc package documentation for explanation.
Type  H <return>  for immediate help.
 ...                                              
                                                  
l.3 ...ª–∞–±–æ—Ä–∞—Ç–æ—Ä–Ω–æ–π —Ä–∞–±–æ—Ç—ã –±—É–¥
                                                  –µ—Ç –∏—Å–ø–æ–ª—å–∑–æ–≤–∞–...

You may provide a definition with
\DeclareUnicodeCharacter 


! Package inputenc Error: Unicode character –µ (U+0435)
(inputenc)                not set up for use with LaTeX.

See the inputenc package documentation for explanation.
Type  H <return>  for immediate help.
 ...                                              
                                                  
l.3 ...∞–±–æ—Ä–∞—Ç–æ—Ä–Ω–æ–π —Ä–∞–±–æ—Ç—ã –±—É–¥–µ
                                                  —Ç –∏—Å–ø–æ–ª—å–∑–æ–≤–∞–Ω ...

You may provide a definition with
\DeclareUnicodeCharacter 


! Package inputenc Error: Unicode character —Ç (U+0442)
(inputenc)                not set up for use with LaTeX.

See the inputenc package documentation for explanation.
Type  H <return>  for immediate help.
 ...                                              
                                                  
l.3 ...±–æ—Ä–∞—Ç–æ—Ä–Ω–æ–π —Ä–∞–±–æ—Ç—ã –±—É–¥–µ—Ç
                                                   –∏—Å–ø–æ–ª—å–∑–æ–≤–∞–Ω –±...

You may provide a definition with
\DeclareUnicodeCharacter 


! Package inputenc Error: Unicode character –∏ (U+0438)
(inputenc)                not set up for use with LaTeX.

See the inputenc package documentation for explanation.
Type  H <return>  for immediate help.
 ...                                              
                                                  
l.3 ...—Ä–∞—Ç–æ—Ä–Ω–æ–π —Ä–∞–±–æ—Ç—ã –±—É–¥–µ—Ç –∏
                                                  —Å–ø–æ–ª—å–∑–æ–≤–∞–Ω –±–∞–...

You may provide a definition with
\DeclareUnicodeCharacter 


! Package inputenc Error: Unicode character —Å (U+0441)
(inputenc)                not set up for use with LaTeX.

See the inputenc package documentation for explanation.
Type  H <return>  for immediate help.
 ...                                              
                                                  
l.3 ...–∞—Ç–æ—Ä–Ω–æ–π —Ä–∞–±–æ—Ç—ã –±—É–¥–µ—Ç –∏—Å
                                                  –ø–æ–ª—å–∑–æ–≤–∞–Ω –±–∞–∑–...

You may provide a definition with
\DeclareUnicodeCharacter 


! Package inputenc Error: Unicode character –ø (U+043F)
(inputenc)                not set up for use with LaTeX.

See the inputenc package documentation for explanation.
Type  H <return>  for immediate help.
 ...                                              
                                                  
l.3 ...—Ç–æ—Ä–Ω–æ–π —Ä–∞–±–æ—Ç—ã –±—É–¥–µ—Ç –∏—Å–ø
                                                  –æ–ª—å–∑–æ–≤–∞–Ω –±–∞–∑–æ–...

You may provide a definition with
\DeclareUnicodeCharacter 


! Package inputenc Error: Unicode character –æ (U+043E)
(inputenc)                not set up for use with LaTeX.

See the inputenc package documentation for explanation.
Type  H <return>  for immediate help.
 ...                                              
                                                  
l.3 ...–æ—Ä–Ω–æ–π —Ä–∞–±–æ—Ç—ã –±—É–¥–µ—Ç –∏—Å–ø–æ
                                                  –ª—å–∑–æ–≤–∞–Ω –±–∞–∑–æ–≤—...

You may provide a definition with
\DeclareUnicodeCharacter 


! Package inputenc Error: Unicode character –ª (U+043B)
(inputenc)                not set up for use with LaTeX.

See the inputenc package documentation for explanation.
Type  H <return>  for immediate help.
 ...                                              
                                                  
l.3 ...—Ä–Ω–æ–π —Ä–∞–±–æ—Ç—ã –±—É–¥–µ—Ç –∏—Å–ø–æ–ª
                                                  —å–∑–æ–≤–∞–Ω –±–∞–∑–æ–≤—ã–...

You may provide a definition with
\DeclareUnicodeCharacter 


! Package inputenc Error: Unicode character —å (U+044C)
(inputenc)                not set up for use with LaTeX.

See the inputenc package documentation for explanation.
Type  H <return>  for immediate help.
 ...                                              
                                                  
l.3 ...–Ω–æ–π —Ä–∞–±–æ—Ç—ã –±—É–¥–µ—Ç –∏—Å–ø–æ–ª—å
                                                  –∑–æ–≤–∞–Ω –±–∞–∑–æ–≤—ã–π ...

You may provide a definition with
\DeclareUnicodeCharacter 


! Package inputenc Error: Unicode character –∑ (U+0437)
(inputenc)                not set up for use with LaTeX.

See the inputenc package documentation for explanation.
Type  H <return>  for immediate help.
 ...                                              
                                                  
l.3 ...–æ–π —Ä–∞–±–æ—Ç—ã –±—É–¥–µ—Ç –∏—Å–ø–æ–ª—å–∑
                                                  –æ–≤–∞–Ω –±–∞–∑–æ–≤—ã–π —à...

You may provide a definition with
\DeclareUnicodeCharacter 


! Package inputenc Error: Unicode character –æ (U+043E)
(inputenc)                not set up for use with LaTeX.

See the inputenc package documentation for explanation.
Type  H <return>  for immediate help.
 ...                                              
                                                  
l.3 ...–π —Ä–∞–±–æ—Ç—ã –±—É–¥–µ—Ç –∏—Å–ø–æ–ª—å–∑–æ
                                                  –≤–∞–Ω –±–∞–∑–æ–≤—ã–π —à–∞...

You may provide a definition with
\DeclareUnicodeCharacter 


! Package inputenc Error: Unicode character –≤ (U+0432)
(inputenc)                not set up for use with LaTeX.

See the inputenc package documentation for explanation.
Type  H <return>  for immediate help.
 ...                                              
                                                  
l.3 ... —Ä–∞–±–æ—Ç—ã –±—É–¥–µ—Ç –∏—Å–ø–æ–ª—å–∑–æ–≤
                                                  –∞–Ω –±–∞–∑–æ–≤—ã–π —à–∞–±...

You may provide a definition with
\DeclareUnicodeCharacter 


! Package inputenc Error: Unicode character –∞ (U+0430)
(inputenc)                not set up for use with LaTeX.

See the inputenc package documentation for explanation.
Type  H <return>  for immediate help.
 ...                                              
                                                  
l.3 ...Ä–∞–±–æ—Ç—ã –±—É–¥–µ—Ç –∏—Å–ø–æ–ª—å–∑–æ–≤–∞
                                                  –Ω –±–∞–∑–æ–≤—ã–π —à–∞–±–ª...

You may provide a definition with
\DeclareUnicodeCharacter 


! Package inputenc Error: Unicode character –Ω (U+043D)
(inputenc)                not set up for use with LaTeX.

See the inputenc package documentation for explanation.
Type  H <return>  for immediate help.
 ...                                              
                                                  
l.3 ...∞–±–æ—Ç—ã –±—É–¥–µ—Ç –∏—Å–ø–æ–ª—å–∑–æ–≤–∞–Ω
                                                   –±–∞–∑–æ–≤—ã–π —à–∞–±–ª–æ...

You may provide a definition with
\DeclareUnicodeCharacter 


! Package inputenc Error: Unicode character –± (U+0431)
(inputenc)                not set up for use with LaTeX.

See the inputenc package documentation for explanation.
Type  H <return>  for immediate help.
 ...                                              
                                                  
l.3 ...–æ—Ç—ã –±—É–¥–µ—Ç –∏—Å–ø–æ–ª—å–∑–æ–≤–∞–Ω –±
                                                  –∞–∑–æ–≤—ã–π —à–∞–±–ª–æ–Ω ...

You may provide a definition with
\DeclareUnicodeCharacter 


! Package inputenc Error: Unicode character –∞ (U+0430)
(inputenc)                not set up for use with LaTeX.

See the inputenc package documentation for explanation.
Type  H <return>  for immediate help.
 ...                                              
                                                  
l.3 ...—Ç—ã –±—É–¥–µ—Ç –∏—Å–ø–æ–ª—å–∑–æ–≤–∞–Ω –±–∞
                                                  –∑–æ–≤—ã–π —à–∞–±–ª–æ–Ω —Ç...

You may provide a definition with
\DeclareUnicodeCharacter 


! Package inputenc Error: Unicode character –∑ (U+0437)
(inputenc)                not set up for use with LaTeX.

See the inputenc package documentation for explanation.
Type  H <return>  for immediate help.
 ...                                              
                                                  
l.3 ...—ã –±—É–¥–µ—Ç –∏—Å–ø–æ–ª—å–∑–æ–≤–∞–Ω –±–∞–∑
                                                  –æ–≤—ã–π —à–∞–±–ª–æ–Ω —Ç–∞...

You may provide a definition with
\DeclareUnicodeCharacter 


! Package inputenc Error: Unicode character –æ (U+043E)
(inputenc)                not set up for use with LaTeX.

See the inputenc package documentation for explanation.
Type  H <return>  for immediate help.
 ...                                              
                                                  
l.3 ... –±—É–¥–µ—Ç –∏—Å–ø–æ–ª—å–∑–æ–≤–∞–Ω –±–∞–∑–æ
                                                  –≤—ã–π —à–∞–±–ª–æ–Ω —Ç–∞–∫...

You may provide a definition with
\DeclareUnicodeCharacter 


! Package inputenc Error: Unicode character –≤ (U+0432)
(inputenc)                not set up for use with LaTeX.

See the inputenc package documentation for explanation.
Type  H <return>  for immediate help.
 ...                                              
                                                  
l.3 ...±—É–¥–µ—Ç –∏—Å–ø–æ–ª—å–∑–æ–≤–∞–Ω –±–∞–∑–æ–≤
                                                  —ã–π —à–∞–±–ª–æ–Ω —Ç–∞–∫ –...

You may provide a definition with
\DeclareUnicodeCharacter 


! Package inputenc Error: Unicode character —ã (U+044B)
(inputenc)                not set up for use with LaTeX.

See the inputenc package documentation for explanation.
Type  H <return>  for immediate help.
 ...                                              
                                                  
l.3 ...É–¥–µ—Ç –∏—Å–ø–æ–ª—å–∑–æ–≤–∞–Ω –±–∞–∑–æ–≤—ã
                                                  –π —à–∞–±–ª–æ–Ω —Ç–∞–∫ –Ω–...

You may provide a definition with
\DeclareUnicodeCharacter 


! Package inputenc Error: Unicode character –π (U+0439)
(inputenc)                not set up for use with LaTeX.

See the inputenc package documentation for explanation.
Type  H <return>  for immediate help.
 ...                                              
                                                  
l.3 ...¥–µ—Ç –∏—Å–ø–æ–ª—å–∑–æ–≤–∞–Ω –±–∞–∑–æ–≤—ã–π
                                                   —à–∞–±–ª–æ–Ω —Ç–∞–∫ –Ω–∞–...

You may provide a definition with
\DeclareUnicodeCharacter 


! Package inputenc Error: Unicode character —à (U+0448)
(inputenc)                not set up for use with LaTeX.

See the inputenc package documentation for explanation.
Type  H <return>  for immediate help.
 ...                                              
                                                  
l.3 ...—Ç –∏—Å–ø–æ–ª—å–∑–æ–≤–∞–Ω –±–∞–∑–æ–≤—ã–π —à
                                                  –∞–±–ª–æ–Ω —Ç–∞–∫ –Ω–∞–∑—ã...

You may provide a definition with
\DeclareUnicodeCharacter 


! Package inputenc Error: Unicode character –∞ (U+0430)
(inputenc)                not set up for use with LaTeX.

See the inputenc package documentation for explanation.
Type  H <return>  for immediate help.
 ...                                              
                                                  
l.3 ... –∏—Å–ø–æ–ª—å–∑–æ–≤–∞–Ω –±–∞–∑–æ–≤—ã–π —à–∞
                                                  –±–ª–æ–Ω —Ç–∞–∫ –Ω–∞–∑—ã–≤...

You may provide a definition with
\DeclareUnicodeCharacter 


! Package inputenc Error: Unicode character –± (U+0431)
(inputenc)                not set up for use with LaTeX.

See the inputenc package documentation for explanation.
Type  H <return>  for immediate help.
 ...                                              
                                                  
l.3 ...∏—Å–ø–æ–ª—å–∑–æ–≤–∞–Ω –±–∞–∑–æ–≤—ã–π —à–∞–±
                                                  –ª–æ–Ω —Ç–∞–∫ –Ω–∞–∑—ã–≤–∞...

You may provide a definition with
\DeclareUnicodeCharacter 


! Package inputenc Error: Unicode character –ª (U+043B)
(inputenc)                not set up for use with LaTeX.

See the inputenc package documentation for explanation.
Type  H <return>  for immediate help.
 ...                                              
                                                  
l.3 ...Å–ø–æ–ª—å–∑–æ–≤–∞–Ω –±–∞–∑–æ–≤—ã–π —à–∞–±–ª
                                                  –æ–Ω —Ç–∞–∫ –Ω–∞–∑—ã–≤–∞–µ...

You may provide a definition with
\DeclareUnicodeCharacter 


! Package inputenc Error: Unicode character –æ (U+043E)
(inputenc)                not set up for use with LaTeX.

See the inputenc package documentation for explanation.
Type  H <return>  for immediate help.
 ...                                              
                                                  
l.3 ...ø–æ–ª—å–∑–æ–≤–∞–Ω –±–∞–∑–æ–≤—ã–π —à–∞–±–ª–æ
                                                  –Ω —Ç–∞–∫ –Ω–∞–∑—ã–≤–∞–µ–º...

You may provide a definition with
\DeclareUnicodeCharacter 


! Package inputenc Error: Unicode character –Ω (U+043D)
(inputenc)                not set up for use with LaTeX.

See the inputenc package documentation for explanation.
Type  H <return>  for immediate help.
 ...                                              
                                                  
l.3 ...æ–ª—å–∑–æ–≤–∞–Ω –±–∞–∑–æ–≤—ã–π —à–∞–±–ª–æ–Ω
                                                   —Ç–∞–∫ –Ω–∞–∑—ã–≤–∞–µ–º–æ...

You may provide a definition with
\DeclareUnicodeCharacter 


! Package inputenc Error: Unicode character —Ç (U+0442)
(inputenc)                not set up for use with LaTeX.

See the inputenc package documentation for explanation.
Type  H <return>  for immediate help.
 ...                                              
                                                  
l.3 ...—å–∑–æ–≤–∞–Ω –±–∞–∑–æ–≤—ã–π —à–∞–±–ª–æ–Ω —Ç
                                                  –∞–∫ –Ω–∞–∑—ã–≤–∞–µ–º–æ–≥–...

You may provide a definition with
\DeclareUnicodeCharacter 


! Package inputenc Error: Unicode character –∞ (U+0430)
(inputenc)                not set up for use with LaTeX.

See the inputenc package documentation for explanation.
Type  H <return>  for immediate help.
 ...                                              
                                                  
l.3 ...–∑–æ–≤–∞–Ω –±–∞–∑–æ–≤—ã–π —à–∞–±–ª–æ–Ω —Ç–∞
                                                  –∫ –Ω–∞–∑—ã–≤–∞–µ–º–æ–≥–æ ...

You may provide a definition with
\DeclareUnicodeCharacter 


! Package inputenc Error: Unicode character –∫ (U+043A)
(inputenc)                not set up for use with LaTeX.

See the inputenc package documentation for explanation.
Type  H <return>  for immediate help.
 ...                                              
                                                  
l.3 ...–æ–≤–∞–Ω –±–∞–∑–æ–≤—ã–π —à–∞–±–ª–æ–Ω —Ç–∞–∫
                                                   –Ω–∞–∑—ã–≤–∞–µ–º–æ–≥–æ RT...

You may provide a definition with
\DeclareUnicodeCharacter 


! Package inputenc Error: Unicode character –Ω (U+043D)
(inputenc)                not set up for use with LaTeX.

See the inputenc package documentation for explanation.
Type  H <return>  for immediate help.
 ...                                              
                                                  
l.3 ...≤–∞–Ω –±–∞–∑–æ–≤—ã–π —à–∞–±–ª–æ–Ω —Ç–∞–∫ –Ω
                                                  –∞–∑—ã–≤–∞–µ–º–æ–≥–æ RTL –...

You may provide a definition with
\DeclareUnicodeCharacter 


! Package inputenc Error: Unicode character –∞ (U+0430)
(inputenc)                not set up for use with LaTeX.

See the inputenc package documentation for explanation.
Type  H <return>  for immediate help.
 ...                                              
                                                  
l.3 ...∞–Ω –±–∞–∑–æ–≤—ã–π —à–∞–±–ª–æ–Ω —Ç–∞–∫ –Ω–∞
                                                  –∑—ã–≤–∞–µ–º–æ–≥–æ RTL –ø—...

You may provide a definition with
\DeclareUnicodeCharacter 


! Package inputenc Error: Unicode character –∑ (U+0437)
(inputenc)                not set up for use with LaTeX.

See the inputenc package documentation for explanation.
Type  H <return>  for immediate help.
 ...                                              
                                                  
l.3 ...Ω –±–∞–∑–æ–≤—ã–π —à–∞–±–ª–æ–Ω —Ç–∞–∫ –Ω–∞–∑
                                                  —ã–≤–∞–µ–º–æ–≥–æ RTL –ø—Ä–...

You may provide a definition with
\DeclareUnicodeCharacter 


! Package inputenc Error: Unicode character —ã (U+044B)
(inputenc)                not set up for use with LaTeX.

See the inputenc package documentation for explanation.
Type  H <return>  for immediate help.
 ...                                              
                                                  
l.3 ...–±–∞–∑–æ–≤—ã–π —à–∞–±–ª–æ–Ω —Ç–∞–∫ –Ω–∞–∑—ã
                                                  –≤–∞–µ–º–æ–≥–æ RTL –ø—Ä–æ–...

You may provide a definition with
\DeclareUnicodeCharacter 


! Package inputenc Error: Unicode character –≤ (U+0432)
(inputenc)                not set up for use with LaTeX.

See the inputenc package documentation for explanation.
Type  H <return>  for immediate help.
 ...                                              
                                                  
l.3 ...–∞–∑–æ–≤—ã–π —à–∞–±–ª–æ–Ω —Ç–∞–∫ –Ω–∞–∑—ã–≤
                                                  –∞–µ–º–æ–≥–æ RTL –ø—Ä–æ–µ–...

You may provide a definition with
\DeclareUnicodeCharacter 


! Package inputenc Error: Unicode character –∞ (U+0430)
(inputenc)                not set up for use with LaTeX.

See the inputenc package documentation for explanation.
Type  H <return>  for immediate help.
 ...                                              
                                                  
l.3 ...–∑–æ–≤—ã–π —à–∞–±–ª–æ–Ω —Ç–∞–∫ –Ω–∞–∑—ã–≤–∞
                                                  –µ–º–æ–≥–æ RTL –ø—Ä–æ–µ–∫—...

You may provide a definition with
\DeclareUnicodeCharacter 


! Package inputenc Error: Unicode character –µ (U+0435)
(inputenc)                not set up for use with LaTeX.

See the inputenc package documentation for explanation.
Type  H <return>  for immediate help.
 ...                                              
                                                  
l.3 ...–æ–≤—ã–π —à–∞–±–ª–æ–Ω —Ç–∞–∫ –Ω–∞–∑—ã–≤–∞–µ
                                                  –º–æ–≥–æ RTL –ø—Ä–æ–µ–∫—Ç–...

You may provide a definition with
\DeclareUnicodeCharacter 


! Package inputenc Error: Unicode character –º (U+043C)
(inputenc)                not set up for use with LaTeX.

See the inputenc package documentation for explanation.
Type  H <return>  for immediate help.
 ...                                              
                                                  
l.3 ...–≤—ã–π —à–∞–±–ª–æ–Ω —Ç–∞–∫ –Ω–∞–∑—ã–≤–∞–µ–º
                                                  –æ–≥–æ RTL –ø—Ä–æ–µ–∫—Ç–∞ ...

You may provide a definition with
\DeclareUnicodeCharacter 


! Package inputenc Error: Unicode character –æ (U+043E)
(inputenc)                not set up for use with LaTeX.

See the inputenc package documentation for explanation.
Type  H <return>  for immediate help.
 ...                                              
                                                  
l.3 ...—ã–π —à–∞–±–ª–æ–Ω —Ç–∞–∫ –Ω–∞–∑—ã–≤–∞–µ–º–æ
                                                  –≥–æ RTL –ø—Ä–æ–µ–∫—Ç–∞ VI...

You may provide a definition with
\DeclareUnicodeCharacter 


! Package inputenc Error: Unicode character –≥ (U+0433)
(inputenc)                not set up for use with LaTeX.

See the inputenc package documentation for explanation.
Type  H <return>  for immediate help.
 ...                                              
                                                  
l.3 ...–π —à–∞–±–ª–æ–Ω —Ç–∞–∫ –Ω–∞–∑—ã–≤–∞–µ–º–æ–≥
                                                  –æ RTL –ø—Ä–æ–µ–∫—Ç–∞ VINC...

You may provide a definition with
\DeclareUnicodeCharacter 


! Package inputenc Error: Unicode character –æ (U+043E)
(inputenc)                not set up for use with LaTeX.

See the inputenc package documentation for explanation.
Type  H <return>  for immediate help.
 ...                                              
                                                  
l.3 ... —à–∞–±–ª–æ–Ω —Ç–∞–∫ –Ω–∞–∑—ã–≤–∞–µ–º–æ–≥–æ
                                                   RTL –ø—Ä–æ–µ–∫—Ç–∞ VINC, ...

You may provide a definition with
\DeclareUnicodeCharacter 

Missing character: There is no R in font nullfont!
Missing character: There is no T in font nullfont!
Missing character: There is no L in font nullfont!

! Package inputenc Error: Unicode character –ø (U+043F)
(inputenc)                not set up for use with LaTeX.

See the inputenc package documentation for explanation.
Type  H <return>  for immediate help.
 ...                                              
                                                  
l.3 ...–ª–æ–Ω —Ç–∞–∫ –Ω–∞–∑—ã–≤–∞–µ–º–æ–≥–æ RTL –ø
                                                  —Ä–æ–µ–∫—Ç–∞ VINC, –∫–æ—Ç–...

You may provide a definition with
\DeclareUnicodeCharacter 


! Package inputenc Error: Unicode character —Ä (U+0440)
(inputenc)                not set up for use with LaTeX.

See the inputenc package documentation for explanation.
Type  H <return>  for immediate help.
 ...                                              
                                                  
l.3 ...–æ–Ω —Ç–∞–∫ –Ω–∞–∑—ã–≤–∞–µ–º–æ–≥–æ RTL –ø—Ä
                                                  –æ–µ–∫—Ç–∞ VINC, –∫–æ—Ç–æ—...

You may provide a definition with
\DeclareUnicodeCharacter 


! Package inputenc Error: Unicode character –æ (U+043E)
(inputenc)                not set up for use with LaTeX.

See the inputenc package documentation for explanation.
Type  H <return>  for immediate help.
 ...                                              
                                                  
l.3 ...–Ω —Ç–∞–∫ –Ω–∞–∑—ã–≤–∞–µ–º–æ–≥–æ RTL –ø—Ä–æ
                                                  –µ–∫—Ç–∞ VINC, –∫–æ—Ç–æ—Ä—...

You may provide a definition with
\DeclareUnicodeCharacter 


! Package inputenc Error: Unicode character –µ (U+0435)
(inputenc)                not set up for use with LaTeX.

See the inputenc package documentation for explanation.
Type  H <return>  for immediate help.
 ...                                              
                                                  
l.3 ... —Ç–∞–∫ –Ω–∞–∑—ã–≤–∞–µ–º–æ–≥–æ RTL –ø—Ä–æ–µ
                                                  –∫—Ç–∞ VINC, –∫–æ—Ç–æ—Ä—ã–...
(That makes 100 errors; please try again.) 
Here is how much of TeX's memory you used:
 46 strings out of 478864
 775 string characters out of 2848186
 292975 words of memory out of 3000000
 18070 multiletter control sequences out of 15000+600000
 403430 words of font info for 27 fonts, out of 8000000 for 9000
 1141 hyphenation exceptions out of 8191
 13i,0n,12p,511b,30s stack positions out of 5000i,500n,10000p,200000b,80000s

!  ==> Fatal error occurred, no output PDF file produced!
